        -:    0:Source:Password.cpp
        -:    0:Graph:Password.gcno
        -:    0:Data:Password.gcda
        -:    0:Runs:1
        -:    1:#include "Password.h"
        -:    2:#include <string>
        -:    3:#include <locale>
        -:    4:#include <cctype>
        -:    5:#include <cwctype>
        -:    6:#include <iostream>
        -:    7:
        -:    8:using std::string;
        -:    9:
        -:   10:/*
        -:   11:  The function receives a string counts how many times the same character 
        -:   12:  occurs at the beginning of the string, before any other characters (or the
        -:   13:  end of the string). The function is case-sensitive so 'Z' is different than
        -:   14:  'z' and any ASCII characters are allowed.
        -:   15:*/
function _ZN8PasswordC2Ev called 26 returned 100% blocks executed 53%
       26:   16:Password::Password() {
call    0 returned 26
       26:   17:  pass_history.push_back("ChicoCA-95929");
call    0 returned 26
call    1 returned 26
branch  2 taken 26 (fallthrough)
branch  3 taken 0 (throw)
call    4 returned 26
branch  5 taken 26 (fallthrough)
branch  6 taken 0 (throw)
call    7 returned 26
call    8 returned 26
call    9 never executed
call   10 never executed
       26:   18:}
call    0 never executed
        -:   19:
function _ZN8Password24count_leading_charactersENSt7__cxx1112basic_stringIcSt11char_traitsIcESaIcEEE called 18 returned 100% blocks executed 100%
       18:   20:int Password::count_leading_characters(string phrase){
        -:   21:  
       18:   22:  if(phrase.length() == 0) return 0;
call    0 returned 18
branch  1 taken 1 (fallthrough)
branch  2 taken 17
        -:   23:  
       17:   24:  int repetition = 1;
       17:   25:  int index = 0;
        -:   26:
       39:   27:  while( index < phrase.length()-1 && phrase[index] == phrase[index+1] ){
call    0 returned 39
branch  1 taken 35 (fallthrough)
branch  2 taken 4
call    3 returned 35
call    4 returned 35
branch  5 taken 22 (fallthrough)
branch  6 taken 13
branch  7 taken 22
branch  8 taken 17 (fallthrough)
       22:   28:    repetition++;
       22:   29:    index++;
        -:   30:  }
       17:   31:  return repetition;
        -:   32:}
        -:   33:
function _ZN8Password14has_mixed_caseENSt7__cxx1112basic_stringIcSt11char_traitsIcESaIcEEE called 19 returned 100% blocks executed 100%
       19:   34:bool Password::has_mixed_case(string phrase) {
       19:   35:  if(phrase.length() == 0) return false;
call    0 returned 19
branch  1 taken 2 (fallthrough)
branch  2 taken 17
       17:   36:  bool hasUppercase = false;
       17:   37:  bool hasLowercase = false;
      168:   38:  for(int i = 0; i < phrase.length(); i++) {
call    0 returned 168
branch  1 taken 151
branch  2 taken 17 (fallthrough)
      151:   39:    if(std::islower(phrase[i])) hasLowercase = true;
call    0 returned 151
branch  1 taken 101 (fallthrough)
branch  2 taken 50
      151:   40:    if(std::isupper(phrase[i])) hasUppercase = true;
call    0 returned 151
branch  1 taken 16 (fallthrough)
branch  2 taken 135
        -:   41:  }
       17:   42:  return hasUppercase && hasLowercase;
branch  0 taken 10 (fallthrough)
branch  1 taken 7
branch  2 taken 7 (fallthrough)
branch  3 taken 3
        -:   43:}
        -:   44:
        -:   45:/*
        -:   46:  receives a password and sets the latest in pass_history to it if and only
        -:   47:  if it meets all criteria:
        -:   48:    1. The password is at least 8 letters long
        -:   49:    2. It has no more than 3 of the same leading characters
        -:   50:    3. It has mixed case (at least one upper case and at least one lower case)
        -:   51:    4. It was not a previous password in the history
        -:   52:*/
function _ZN8Password3setENSt7__cxx1112basic_stringIcSt11char_traitsIcESaIcEEE called 10 returned 100% blocks executed 83%
       10:   53:void Password::set(string phrase) {
       10:   54:  int passwordLength = phrase.length();
call    0 returned 10
       10:   55:  int leadingCharacters = count_leading_characters(phrase);
call    0 returned 10
call    1 returned 10
branch  2 taken 10 (fallthrough)
branch  3 taken 0 (throw)
call    4 returned 10
call    5 never executed
call    6 never executed
       10:   56:  bool hasMixedCase = has_mixed_case(phrase);
call    0 returned 10
call    1 returned 10
branch  2 taken 10 (fallthrough)
branch  3 taken 0 (throw)
call    4 returned 10
call    5 never executed
        -:   57:
       10:   58:  bool previouslyUsed = false;
       10:   59:  if(passwordLength >= 8 && leadingCharacters <= 3 && hasMixedCase) {
branch  0 taken 8 (fallthrough)
branch  1 taken 2
branch  2 taken 7 (fallthrough)
branch  3 taken 1
branch  4 taken 5 (fallthrough)
branch  5 taken 2
        9:   60:    for(int i = 0; i < (int)pass_history.size(); i++){
call    0 returned 9
branch  1 taken 5
branch  2 taken 4 (fallthrough)
        5:   61:      if(pass_history[i] == phrase) {
call    0 returned 5
call    1 returned 5
branch  2 taken 1 (fallthrough)
branch  3 taken 4
        1:   62:        previouslyUsed = true;
        1:   63:        break;
        -:   64:      }
        -:   65:    }
        5:   66:  } else {
        5:   67:    return;
        -:   68:  }
        5:   69:  if(!previouslyUsed) {
branch  0 taken 4 (fallthrough)
branch  1 taken 1
        4:   70:    pass_history.push_back(phrase);
call    0 returned 4
        -:   71:  }
        5:   72:  return;
        -:   73:}
        -:   74:
        -:   75:/*
        -:   76:  receives a string and authenticates it against the latest password in the
        -:   77:  pass_history, returning true for an exact match or false when it does not match
        -:   78:  or if a password has not been set.
        -:   79:*/
function _ZN8Password12authenticateENSt7__cxx1112basic_stringIcSt11char_traitsIcESaIcEEE called 9 returned 100% blocks executed 100%
        9:   80:bool Password::authenticate(string phrase) {
        9:   81:  if (phrase.length() == 0) return false;
call    0 returned 9
branch  1 taken 1 (fallthrough)
branch  2 taken 8
        8:   82:  return pass_history[pass_history.size() - 1 ] == phrase ? true : false;
call    0 returned 8
call    1 returned 8
call    2 returned 8
branch  3 taken 2 (fallthrough)
branch  4 taken 6
        -:   83:}
